<?xml version="1.0" encoding="UTF-8"?>
<!-- Generated by org.testng.reporters.JUnitReportReporter -->
<testsuite hostname="ANUJ" failures="0" tests="1" name="MavenforJenkin.UITest" time="21.914" errors="0" timestamp="2023-05-26T20:34:12 IST" skipped="0">
  <testcase classname="MavenforJenkin.UITest" name="startBrowser" time="21.914"/>
</testsuite> <!-- MavenforJenkin.UITest -->
